<?xml version="1.0" encoding="UTF-8"?>
<testng-results ignored="0" total="1" passed="1" failed="0" skipped="0">
  <reporter-output>
  </reporter-output>
  <suite started-at="2022-09-28T08:35:19 IST" name="Default suite" finished-at="2022-09-28T08:35:34 IST" duration-ms="15481">
    <groups>
    </groups>
    <test started-at="2022-09-28T08:35:19 IST" name="Default test" finished-at="2022-09-28T08:35:34 IST" duration-ms="15481">
      <class name="script.ValidLogin">
        <test-method is-config="true" signature="initReport()[pri:0, instance:script.ValidLogin@5b1669c0]" started-at="2022-09-28T08:35:19 IST" name="initReport" finished-at="2022-09-28T08:35:19 IST" duration-ms="300" status="PASS">
          <reporter-output>
          </reporter-output>
        </test-method> <!-- initReport -->
        <test-method is-config="true" signature="openApp(java.lang.String,java.lang.reflect.Method)[pri:0, instance:script.ValidLogin@5b1669c0]" started-at="2022-09-28T08:35:19 IST" name="openApp" finished-at="2022-09-28T08:35:31 IST" duration-ms="11807" status="PASS">
          <params>
            <param index="0">
              <value>
                <![CDATA[config.properties]]>
              </value>
            </param>
            <param index="1">
              <value>
                <![CDATA[public void script.ValidLogin.testValidLogin()]]>
              </value>
            </param>
          </params>
          <reporter-output>
          </reporter-output>
        </test-method> <!-- openApp -->
        <test-method signature="testValidLogin()[pri:1, instance:script.ValidLogin@5b1669c0]" started-at="2022-09-28T08:35:31 IST" name="testValidLogin" finished-at="2022-09-28T08:35:34 IST" duration-ms="3442" status="PASS">
          <reporter-output>
          </reporter-output>
        </test-method> <!-- testValidLogin -->
        <test-method is-config="true" signature="closeApp(org.testng.ITestResult)[pri:0, instance:script.ValidLogin@5b1669c0]" started-at="2022-09-28T08:35:34 IST" name="closeApp" finished-at="2022-09-28T08:35:34 IST" duration-ms="196" status="PASS">
          <params>
            <param index="0">
              <value>
                <![CDATA[[TestResult name=testValidLogin status=SUCCESS method=ValidLogin.testValidLogin()[pri:1, instance:script.ValidLogin@5b1669c0] output={null}]]]>
              </value>
            </param>
          </params>
          <reporter-output>
          </reporter-output>
        </test-method> <!-- closeApp -->
        <test-method is-config="true" signature="publishReport()[pri:0, instance:script.ValidLogin@5b1669c0]" started-at="2022-09-28T08:35:34 IST" name="publishReport" finished-at="2022-09-28T08:35:35 IST" duration-ms="297" status="PASS">
          <reporter-output>
          </reporter-output>
        </test-method> <!-- publishReport -->
      </class> <!-- script.ValidLogin -->
    </test> <!-- Default test -->
  </suite> <!-- Default suite -->
</testng-results>
